# JRE version: OpenJDK Runtime Environment Microsoft-10800295 (17.0.14+7) (build 17.0.14+7-LTS)
# Java VM: OpenJDK 64-Bit Server VM Microsoft-10800295 (17.0.14+7-LTS, mixed mode, sharing, tiered, compressed oops, compressed class ptrs, g1 gc, windows-amd64)
GC Precious Log:
 CPUs: 8 total, 8 available
 Memory: 7971M
 Large Page Support: Disabled
 NUMA Support: Disabled
 Compressed Oops: Enabled (32-bit)
 Heap Region Size: 1M
 Heap Min Capacity: 8M
 Heap Initial Capacity: 126M
 Heap Max Capacity: 1994M
 Pre-touch: Disabled
 Parallel Workers: 8
 Concurrent Workers: 2
 Concurrent Refinement Workers: 8
 Periodic GC: Disabled
Heap:
 garbage-first heap   total 62464K, used 28939K [0x0000000083600000, 0x0000000100000000)
  region size 1024K, 9 young (9216K), 4 survivors (4096K)
 Metaspace       used 39448K, committed 39680K, reserved 1114112K
  class space    used 4825K, committed 4928K, reserved 1048576K
GC Heap History (12 events):
Event: 0.467 GC heap before
{Heap before GC invocations=0 (full 0):
 garbage-first heap   total 129024K, used 26624K [0x0000000083600000, 0x0000000100000000)
  region size 1024K, 23 young (23552K), 0 survivors (0K)
 Metaspace       used 6852K, committed 6976K, reserved 1114112K
  class space    used 707K, committed 768K, reserved 1048576K
}
Event: 0.471 GC heap after
{Heap after GC invocations=1 (full 0):
 garbage-first heap   total 129024K, used 6229K [0x0000000083600000, 0x0000000100000000)
  region size 1024K, 3 young (3072K), 3 survivors (3072K)
 Metaspace       used 6852K, committed 6976K, reserved 1114112K
  class space    used 707K, committed 768K, reserved 1048576K
}
Event: 0.871 GC heap before
{Heap before GC invocations=1 (full 0):
 garbage-first heap   total 129024K, used 40021K [0x0000000083600000, 0x0000000100000000)
  region size 1024K, 36 young (36864K), 3 survivors (3072K)
 Metaspace       used 16360K, committed 16576K, reserved 1114112K
  class space    used 1863K, committed 1984K, reserved 1048576K
}
Event: 0.876 GC heap after
{Heap after GC invocations=2 (full 0):
 garbage-first heap   total 129024K, used 8266K [0x0000000083600000, 0x0000000100000000)
  region size 1024K, 3 young (3072K), 3 survivors (3072K)
 Metaspace       used 16360K, committed 16576K, reserved 1114112K
  class space    used 1863K, committed 1984K, reserved 1048576K
}
Event: 1.163 GC heap before
{Heap before GC invocations=2 (full 0):
 garbage-first heap   total 129024K, used 35914K [0x0000000083600000, 0x0000000100000000)
  region size 1024K, 31 young (31744K), 3 survivors (3072K)
 Metaspace       used 21318K, committed 21504K, reserved 1114112K
  class space    used 2487K, committed 2560K, reserved 1048576K
}
Event: 1.169 GC heap after
{Heap after GC invocations=3 (full 0):
 garbage-first heap   total 129024K, used 14186K [0x0000000083600000, 0x0000000100000000)
  region size 1024K, 8 young (8192K), 8 survivors (8192K)
 Metaspace       used 21318K, committed 21504K, reserved 1114112K
  class space    used 2487K, committed 2560K, reserved 1048576K
}
Event: 1.817 GC heap before
{Heap before GC invocations=4 (full 0):
 garbage-first heap   total 51200K, used 50026K [0x0000000083600000, 0x0000000100000000)
  region size 1024K, 44 young (45056K), 8 survivors (8192K)
 Metaspace       used 30046K, committed 30336K, reserved 1114112K
  class space    used 3823K, committed 3968K, reserved 1048576K
}
Event: 1.830 GC heap after
{Heap after GC invocations=5 (full 0):
 garbage-first heap   total 62464K, used 16452K [0x0000000083600000, 0x0000000100000000)
  region size 1024K, 3 young (3072K), 3 survivors (3072K)
 Metaspace       used 30046K, committed 30336K, reserved 1114112K
  class space    used 3823K, committed 3968K, reserved 1048576K
}
Event: 2.262 GC heap before
{Heap before GC invocations=5 (full 0):
 garbage-first heap   total 62464K, used 40004K [0x0000000083600000, 0x0000000100000000)
  region size 1024K, 27 young (27648K), 3 survivors (3072K)
 Metaspace       used 35878K, committed 36096K, reserved 1114112K
  class space    used 4443K, committed 4544K, reserved 1048576K
}
Event: 2.267 GC heap after
{Heap after GC invocations=6 (full 0):
 garbage-first heap   total 62464K, used 18542K [0x0000000083600000, 0x0000000100000000)
  region size 1024K, 2 young (2048K), 2 survivors (2048K)
 Metaspace       used 35878K, committed 36096K, reserved 1114112K
  class space    used 4443K, committed 4544K, reserved 1048576K
}
Event: 2.668 GC heap before
{Heap before GC invocations=7 (full 0):
 garbage-first heap   total 62464K, used 45166K [0x0000000083600000, 0x0000000100000000)
  region size 1024K, 28 young (28672K), 2 survivors (2048K)
 Metaspace       used 38293K, committed 38528K, reserved 1114112K
  class space    used 4707K, committed 4864K, reserved 1048576K
}
Event: 2.682 GC heap after
{Heap after GC invocations=8 (full 0):
 garbage-first heap   total 62464K, used 24843K [0x0000000083600000, 0x0000000100000000)
  region size 1024K, 4 young (4096K), 4 survivors (4096K)
 Metaspace       used 38293K, committed 38528K, reserved 1114112K
  class space    used 4707K, committed 4864K, reserved 1048576K
}

